Traceback (most recent call last):
  File "C:\Users\johnn\miniconda3\lib\site-packages\jupyter_cache\executors\utils.py", line 58, in single_nb_execution
    executenb(
  File "C:\Users\johnn\miniconda3\lib\site-packages\nbclient\client.py", line 1305, in execute
    return NotebookClient(nb=nb, resources=resources, km=km, **kwargs).execute()
  File "C:\Users\johnn\miniconda3\lib\site-packages\jupyter_core\utils\__init__.py", line 166, in wrapped
    return loop.run_until_complete(inner)
  File "C:\Users\johnn\miniconda3\lib\asyncio\base_events.py", line 649, in run_until_complete
    return future.result()
  File "C:\Users\johnn\miniconda3\lib\site-packages\nbclient\client.py", line 705, in async_execute
    await self.async_execute_cell(
  File "C:\Users\johnn\miniconda3\lib\site-packages\nbclient\client.py", line 1058, in async_execute_cell
    await self._check_raise_for_error(cell, cell_index, exec_reply)
  File "C:\Users\johnn\miniconda3\lib\site-packages\nbclient\client.py", line 914, in _check_raise_for_error
    raise CellExecutionError.from_cell_and_msg(cell, exec_reply_content)
nbclient.exceptions.CellExecutionError: An error occurred while executing the following cell:
------------------
import pandas as pd
import os
import openpyxl

# Specify the directory where your Excel files are located
excel_directory = "excel_file.xlsx"

# Get a list of all Excel files in the directory
excel_files = [file for file in os.listdir(excel_directory) if file.endswith(".xlsx") or file.endswith(".xls")]

# Iterate over each Excel file
for excel_file in excel_files:
    # Read the Excel file into a pandas DataFrame
    excel_data = pd.read_excel(os.path.join(excel_directory, excel_file))

    # Generate the CSV file name by replacing the file extension
    csv_file = os.path.splitext(excel_file)[0] + ".csv"

    # Convert the DataFrame to CSV and save it
    excel_data.to_csv(os.path.join(excel_directory, csv_file), index=False)

    print(f"Converted {excel_file} to {csv_file}")

------------------


[1;31m---------------------------------------------------------------------------[0m
[1;31mFileNotFoundError[0m                         Traceback (most recent call last)
Cell [1;32mIn[1], line 9[0m
[0;32m      6[0m excel_directory [38;5;241m=[39m [38;5;124m"[39m[38;5;124mexcel_file.xlsx[39m[38;5;124m"[39m
[0;32m      8[0m [38;5;66;03m# Get a list of all Excel files in the directory[39;00m
[1;32m----> 9[0m excel_files [38;5;241m=[39m [file [38;5;28;01mfor[39;00m file [38;5;129;01min[39;00m [43mos[49m[38;5;241;43m.[39;49m[43mlistdir[49m[43m([49m[43mexcel_directory[49m[43m)[49m [38;5;28;01mif[39;00m file[38;5;241m.[39mendswith([38;5;124m"[39m[38;5;124m.xlsx[39m[38;5;124m"[39m) [38;5;129;01mor[39;00m file[38;5;241m.[39mendswith([38;5;124m"[39m[38;5;124m.xls[39m[38;5;124m"[39m)]
[0;32m     11[0m [38;5;66;03m# Iterate over each Excel file[39;00m
[0;32m     12[0m [38;5;28;01mfor[39;00m excel_file [38;5;129;01min[39;00m excel_files:
[0;32m     13[0m     [38;5;66;03m# Read the Excel file into a pandas DataFrame[39;00m

[1;31mFileNotFoundError[0m: [WinError 3] The system cannot find the path specified: 'excel_file.xlsx'

